Epoch: 0, Iteration: 0, Loss: 0.22023695707321167
Epoch: 0, Iteration: 1, Loss: 0.09892814606428146
Epoch: 0, Iteration: 2, Loss: 0.07845894992351532
Epoch: 0, Iteration: 3, Loss: 0.029574237763881683
Epoch: 0, Iteration: 4, Loss: 0.020294761285185814
Epoch: 0, Iteration: 5, Loss: 0.01983669586479664
Epoch: 0, Iteration: 6, Loss: 0.013334084302186966
Epoch: 0, Iteration: 7, Loss: 0.015838006511330605
Epoch: 0, Iteration: 8, Loss: 0.016463231295347214
Epoch: 0, Iteration: 9, Loss: 0.01674243062734604
Epoch: 0, Iteration: 10, Loss: 0.01695764809846878
Epoch: 0, Iteration: 11, Loss: 0.014675671234726906
Epoch: 0, Iteration: 12, Loss: 0.013867005705833435
Epoch: 0, Iteration: 13, Loss: 0.018000993877649307
Epoch: 0, Iteration: 14, Loss: 0.013922756537795067
Epoch: 0, Iteration: 15, Loss: 0.012463361024856567
Epoch: 0 Loss: 0.04062917620920744
Epoch: 1, Iteration: 0, Loss: 0.00980395544320345
Epoch: 1, Iteration: 1, Loss: 0.019634883850812912
Epoch: 1, Iteration: 2, Loss: 0.013598433695733547
Epoch: 1, Iteration: 3, Loss: 0.012783205136656761
Epoch: 1, Iteration: 4, Loss: 0.011292988434433937
Epoch: 1, Iteration: 5, Loss: 0.012150648981332779
Epoch: 1, Iteration: 6, Loss: 0.01111584808677435
Epoch: 1, Iteration: 7, Loss: 0.013877833262085915
Epoch: 1, Iteration: 8, Loss: 0.009907867759466171
Epoch: 1, Iteration: 9, Loss: 0.014436188153922558
Epoch: 1, Iteration: 10, Loss: 0.009919962845742702
Epoch: 1, Iteration: 11, Loss: 0.012530738487839699
Epoch: 1, Iteration: 12, Loss: 0.016825877130031586
Epoch: 1, Iteration: 13, Loss: 0.010846889577805996
Epoch: 1, Iteration: 14, Loss: 0.011077027767896652
Epoch: 1, Iteration: 15, Loss: 0.016885647550225258
Epoch: 1 Loss: 0.013553311223866509